irun(64): 15.20-p001: (c) Copyright 1995-2016 Cadence Design Systems, Inc.
TOOL:	irun(64)	15.20-p001: Started on Apr 05, 2023 at 02:01:31 CST
irun
	-64BIT
	-loadpli1 debpli:novas_pli_boot
	/home/host/temp/N26091623/./sim/top_tb.sv
	+incdir+/home/host/temp/N26091623/./src+/home/host/temp/N26091623/./include+/home/host/temp/N26091623/./sim
	+define+prog0+FSDB_ALL
	-define CYCLE=15.0
	-define MAX=100000
	+access+r
	+prog_path=/home/host/temp/N26091623/./sim/prog0

   User defined plus("+") options:
	+prog_path=/home/host/temp/N26091623/./sim/prog0

file: /home/host/temp/N26091623/./sim/top_tb.sv
`define CYCLE 10.0 // Cycle time
                                |
ncvlog: *W,MACNDF (/home/host/temp/N26091623/./sim/top_tb.sv,2|32): The text macro 'CYCLE' has also been defined on the command line using the -DEFINE command line option.  The compiler will ignore the definition found in the Verilog source code.
`define MAX 100000 // Max cycle number
                                      |
ncvlog: *W,MACNDF (/home/host/temp/N26091623/./sim/top_tb.sv,3|38): The text macro 'MAX' has also been defined on the command line using the -DEFINE command line option.  The compiler will ignore the definition found in the Verilog source code.
	module worklib.pc:sv
		errors: 0, warnings: 0
	module worklib.controller:sv
		errors: 0, warnings: 0
	module worklib.register:sv
		errors: 0, warnings: 0
	module worklib.extend:sv
		errors: 0, warnings: 0
	module worklib.hazard:sv
		errors: 0, warnings: 0
	module worklib.ALU:sv
		errors: 0, warnings: 0
	module worklib.forward:sv
		errors: 0, warnings: 0
	module worklib.cpu:sv
		errors: 0, warnings: 0
	module worklib.SRAM_wrapper:sv
		errors: 0, warnings: 0
	module worklib.top:sv
		errors: 0, warnings: 0
	module worklib.SRAM:sv
		errors: 0, warnings: 0
    $value$plusargs("prog_path=%s", prog_path);
                  |
ncvlog: *W,NOSYST (/home/host/temp/N26091623/./sim/top_tb.sv,39|18): System function '$value$plusargs' invoked as a task. Return value will be ignored.
      $fscanf(gf, "%h\n", GOLDEN[num]);
            |
ncvlog: *W,NOSYST (/home/host/temp/N26091623/./sim/top_tb.sv,54|12): System function '$fscanf' invoked as a task. Return value will be ignored.
	module worklib.top_tb:sv
		errors: 0, warnings: 2
ncvlog: *W,SPDUSD: Include directory /home/host/temp/N26091623/./include given but not used.
	Total errors/warnings found outside modules and primitives:
		errors: 0, warnings: 3
		Caching library 'worklib' ....... Done
	Elaborating the design hierarchy:
	Top level design units:
		top_tb
ncelab: *W,DSEMEL: This SystemVerilog design will be simulated as per IEEE 1800-2009 SystemVerilog simulation semantics. Use -disable_sem2009 option for turning off SV 2009 simulation semantics.
    $readmemh({prog_path, "/main0.hex"}, TOP.IM1.i_SRAM.Memory_byte0);
                                                                   |
ncelab: *W,MEMODR (../sim/top_tb.sv,42|67): $readmem default memory order incompatible with IEEE1364.
    $readmemh({prog_path, "/main0.hex"}, TOP.DM1.i_SRAM.Memory_byte0); 
                                                                   |
ncelab: *W,MEMODR (../sim/top_tb.sv,43|67): $readmem default memory order incompatible with IEEE1364.
    $readmemh({prog_path, "/main1.hex"}, TOP.IM1.i_SRAM.Memory_byte1);
                                                                   |
ncelab: *W,MEMODR (../sim/top_tb.sv,44|67): $readmem default memory order incompatible with IEEE1364.
    $readmemh({prog_path, "/main1.hex"}, TOP.DM1.i_SRAM.Memory_byte1); 
                                                                   |
ncelab: *W,MEMODR (../sim/top_tb.sv,45|67): $readmem default memory order incompatible with IEEE1364.
    $readmemh({prog_path, "/main2.hex"}, TOP.IM1.i_SRAM.Memory_byte2);
                                                                   |
ncelab: *W,MEMODR (../sim/top_tb.sv,46|67): $readmem default memory order incompatible with IEEE1364.
    $readmemh({prog_path, "/main2.hex"}, TOP.DM1.i_SRAM.Memory_byte2); 
                                                                   |
ncelab: *W,MEMODR (../sim/top_tb.sv,47|67): $readmem default memory order incompatible with IEEE1364.
    $readmemh({prog_path, "/main3.hex"}, TOP.IM1.i_SRAM.Memory_byte3);
                                                                   |
ncelab: *W,MEMODR (../sim/top_tb.sv,48|67): $readmem default memory order incompatible with IEEE1364.
    $readmemh({prog_path, "/main3.hex"}, TOP.DM1.i_SRAM.Memory_byte3); 
                                                                   |
ncelab: *W,MEMODR (../sim/top_tb.sv,49|67): $readmem default memory order incompatible with IEEE1364.
	Building instance overlay tables: .................... Done
	Generating native compiled code:
		worklib.ALU:sv <0x4b09729f>
			streams:   3, words:  3961
		worklib.SRAM:sv <0x051ee7f3>
			streams:  61, words: 20478
		worklib.SRAM:sv <0x4e5f2efa>
			streams:  61, words: 19862
		worklib.controller:sv <0x42aed2b6>
			streams:   1, words: 18410
		worklib.cpu:sv <0x4a31ede1>
			streams: 126, words: 52436
		worklib.extend:sv <0x0f7e5bd8>
			streams:   1, words:  2221
		worklib.forward:sv <0x126da012>
			streams:   4, words:  2128
		worklib.hazard:sv <0x795b647e>
			streams:   1, words:   506
		worklib.pc:sv <0x00f894a9>
			streams:   5, words:  1393
		worklib.register:sv <0x24c020a9>
			streams:   6, words: 10988
		worklib.top:sv <0x33c624ce>
			streams:  23, words:  5648
		worklib.top_tb:sv <0x0854f0ec>
			streams:   4, words: 32150
	Building instance specific data structures.
	Loading native compiled code:     .................... Done
	Design hierarchy summary:
		                  Instances  Unique
		Modules:                 14      12
		Registers:              187     179
		Scalar wires:           210       -
		Expanded wires:         164       8
		Vectored wires:          85       -
		Always blocks:           41      39
		Initial blocks:           2       2
		Cont. assignments:      109     102
		Pseudo assignments:      62      62
		Simulation timescale:  10ps
	Writing initial simulation snapshot: worklib.top_tb:sv
Loading snapshot worklib.top_tb:sv .................... Done
ncsim: *W,DSEM2009: This SystemVerilog design is simulated as per IEEE 1800-2009 SystemVerilog simulation semantics. Use -disable_sem2009 option for turning off SV 2009 simulation semantics.
*Verdi* Loading libsscore_ius152.so
ncsim> source /home/cadence/INCISIVE152/tools/inca/files/ncsimrc
ncsim> run
FSDB Dumper for IUS, Release Verdi_O-2018.09-SP2, Linux x86_64/64bit, 02/21/2019
(C) 1996 - 2019 by Synopsys, Inc.
*Verdi* : Create FSDB file 'top.fsdb'
*Verdi* : Begin traversing the scope (top_tb.TOP), layer (0).
*Verdi* : Enable +struct and +mda dumping.
*Verdi* : End of traversing.

Done

DM[8192] = fffffff0, pass
DM[8193] = fffffff8, pass
DM[8194] = 00000008, pass
DM[8195] = 00000001, pass
DM[8196] = 00000001, pass
DM[8197] = 78787878, pass
DM[8198] = 000091a2, pass
DM[8199] = 00000003, pass
DM[8200] = fefcfefd, pass
DM[8201] = 10305070, pass
DM[8202] = cccccccc, pass
DM[8203] = ffffffcc, pass
DM[8204] = ffffcccc, pass
DM[8205] = 000000cc, pass
DM[8206] = 0000cccc, pass
DM[8207] = 00000d9d, pass
DM[8208] = 00000004, pass
DM[8209] = 00000003, pass
DM[8210] = 000001a6, pass
DM[8211] = 00000ec6, pass
DM[8212] = 2468b7a8, pass
DM[8213] = 5dbf9f00, pass
DM[8214] = 00012b38, pass
DM[8215] = fa2817b7, pass
DM[8216] = ff000000, pass
DM[8217] = 12345678, pass
DM[8218] = 0000f000, pass
DM[8219] = 00000f00, pass
DM[8220] = 000000f0, pass
DM[8221] = 0000000f, pass
DM[8222] = 56780000, pass
DM[8223] = 78000000, pass
DM[8224] = 00005678, pass
DM[8225] = 00000078, pass
DM[8226] = 12345678, pass
DM[8227] = ce780000, pass
DM[8228] = fffff000, pass
DM[8229] = fffff000, pass
DM[8230] = fffff000, pass
DM[8231] = fffff000, pass
DM[8232] = fffff000, pass
DM[8233] = fffff000, pass
DM[8234] = 1357a064, pass
DM[8235] = 13578000, pass
DM[8236] = fffff004, pass




        ****************************               
        **                        **       |__||  
        **  Congratulations !!    **      / O.O  | 
        **                        **    /_____   | 
        **  Simulation PASS!!     **   /^ ^ ^ \  |
        **                        **  |^ ^ ^ ^ |w| 
        ****************************   \m___m__|_|


Simulation complete via $finish(1) at time 126667500 PS + 2
../sim/top_tb.sv:76     $finish;
ncsim> exit
TOOL:	irun(64)	15.20-p001: Exiting on Apr 05, 2023 at 02:01:33 CST  (total: 00:00:02)
